<?xml version="1.0" encoding="UTF-8"?>
<testsuite xmlns:xsi="http://www.w3.org/2001/XMLSchema-instance" xsi:noNamespaceSchemaLocation="https://maven.apache.org/surefire/maven-surefire-plugin/xsd/surefire-test-report.xsd" version="3.0.2" name="com.aaes.abfactory.AbFactoryApplicationTests" time="4.196" tests="1" errors="0" skipped="0" failures="0" flakes="0">
  <properties>
[...]
</properties>
  <testcase name="contextLoads" classname="com.aaes.abfactory.AbFactoryApplicationTests" time="1.333">
    <system-out><![CDATA[21:56:37.697 [main] INFO org.springframework.test.context.support.AnnotationConfigContextLoaderUtils -- Could not detect default configuration classes for test class [com.aaes.abfactory.AbFactoryApplicationTests]: AbFactoryApplicationTests does not declare any static, non-private, non-final, nested classes annotated with @Configuration.
21:56:37.922 [main] INFO org.springframework.boot.test.context.SpringBootTestContextBootstrapper -- Found @SpringBootConfiguration com.aaes.abfactory.AbFactoryApplication for test class com.aaes.abfactory.AbFactoryApplicationTests
21:56:38.095 [main] INFO org.springframework.test.context.support.AnnotationConfigContextLoaderUtils -- Could not detect default configuration classes for test class [com.aaes.abfactory.AbFactoryApplicationTests]: AbFactoryApplicationTests does not declare any static, non-private, non-final, nested classes annotated with @Configuration.
21:56:38.099 [main] INFO org.springframework.boot.test.context.SpringBootTestContextBootstrapper -- Found @SpringBootConfiguration com.aaes.abfactory.AbFactoryApplication for test class com.aaes.abfactory.AbFactoryApplicationTests
21:56:38.273 [main] INFO org.springframework.boot.devtools.restart.RestartApplicationListener -- Restart disabled due to context in which it is running

  .   ____          _            __ _ _
 /\\ / ___'_ __ _ _(_)_ __  __ _ \ \ \ \
( ( )\___ | '_ | '_| | '_ \/ _` | \ \ \ \
 \\/  ___)| |_)| | | | | || (_| |  ) ) ) )
  '  |____| .__|_| |_|_| |_\__, | / / / /
 =========|_|==============|___/=/_/_/_/

 :: Spring Boot ::                (v4.1.1)

2026-09-23T21:56:39.079-03:00  INFO 904 --- [abFactory] [           main] c.a.abfactory.AbFactoryApplicationTests  : Starting AbFactoryApplicationTests using Java 21.0.8 with PID 904 (started by davik in C:\Users\davik\IdeaProjects\abFactory)
2026-09-23T21:56:39.082-03:00  INFO 904 --- [abFactory] [           main] c.a.abfactory.AbFactoryApplicationTests  : No active profile set, falling back to 1 default profile: "default"
2026-09-23T21:56:40.065-03:00  INFO 904 --- [abFactory] [           main] c.a.abfactory.AbFactoryApplicationTests  : Started AbFactoryApplicationTests in 1.824 seconds (process running for 4.208)
]]></system-out>
    <system-err><![CDATA[Mockito is currently self-attaching to enable the inline-mock-maker. This will no longer work in future releases of the JDK. Please add Mockito as an agent to your build as described in Mockito's documentation: https://javadoc.io/doc/org.mockito/mockito-core/latest/org.mockito/org/mockito/Mockito.html#0.3
WARNING: A Java agent has been loaded dynamically (C:\Users\davik\.m2\repository\net\bytebuddy\byte-buddy-agent\1.18.11\byte-buddy-agent-1.18.11.jar)
WARNING: If a serviceability tool is in use, please run with -XX:+EnableDynamicAgentLoading to hide this warning
WARNING: If a serviceability tool is not in use, please run with -Djdk.instrument.traceUsage for more information
WARNING: Dynamic loading of agents will be disallowed by default in a future release
]]></system-err>
  </testcase>
</testsuite>